[35m[Appium][39m Welcome to Appium v1.18.1
[35m[Appium][39m Non-default server args:
[35m[Appium][39m   port: 59953
[35m[Appium][39m   loglevel: info
[35m[Appium][39m   tmpDir: C:\Users\ZAHRAT~1\AppData\Local\Temp\\Katalon\Appium\Temp1599879983002
[35m[Appium][39m   chromedriverPort: 59955
[35m[Appium][39m Deprecated server args:
[35m[Appium][39m   [31m--chromedriver-port[39m => --default-capabilities '{"chromedriverPort":59955}'
[35m[Appium][39m Default capabilities, which will be added to each request unless overridden by desired capabilities:
[35m[Appium][39m   chromedriverPort: 59955
[35m[Appium][39m Appium REST http interface listener started on 0.0.0.0:59953
[35m[HTTP][39m [37m-->[39m [37mGET[39m [37m/wd/hub/status[39m
[35m[HTTP][39m [90m{}[39m
[35m[HTTP][39m [37m<-- GET /wd/hub/status [39m[32m200[39m [90m5 ms - 68[39m
[35m[HTTP][39m [90m[39m
[35m[HTTP][39m [37m-->[39m [37mGET[39m [37m/wd/hub/status[39m
[35m[HTTP][39m [90m{}[39m
[35m[HTTP][39m [37m<-- GET /wd/hub/status [39m[32m200[39m [90m1 ms - 68[39m
[35m[HTTP][39m [90m[39m
[35m[HTTP][39m [37m-->[39m [37mPOST[39m [37m/wd/hub/session[39m
[35m[HTTP][39m [90m{"desiredCapabilities":{"app":"C:\\Users\\Zahratul Rahmi\\Downloads\\Kalkulator.apk","noReset":true,"deviceName":"samsung SM-A515F (Android 10)","fullReset":false,"platform":"ANDROID","newCommandTimeout":1800,"platformVersion":"10","automationName":"uiautomator2","autoGrantPermissions":true,"platformName":"Android","udid":"RR8N2054E6Y","systemPort":59961},"capabilities":{"firstMatch":[{"appium:app":"C:\\Users\\Zahratul Rahmi\\Downloads\\Kalkulator.apk","appium:autoGrantPermissions":true,"appium:automationName":"uiautomator2","appium:deviceName":"samsung SM-A515F (Android 10)","appium:fullReset":false,"appium:newCommandTimeout":1800,"appium:noReset":true,"platform":"ANDROID","platformName":"android","appium:platformVersion":"10","appium:systemPort":59961,"appium:udid":"RR8N2054E6Y"}]}}[39m
[35m[BaseDriver][39m The following capabilities are not standard capabilities and should have an extension prefix:
[35m[BaseDriver][39m   platform
[35m[BaseDriver][39m   chromedriverPort
[35m[Appium][39m Appium v1.18.1 creating new AndroidUiautomator2Driver (v1.56.1) session
[35m[BaseDriver][39m The following capabilities were provided, but are not recognized by Appium:
[35m[BaseDriver][39m   platform
[35m[BaseDriver][39m Session created with session id: 2da2ef1f-0acc-42fa-a82a-d87691383f98
[35m[BaseDriver][39m Using local app 'C:\Users\Zahratul Rahmi\Downloads\Kalkulator.apk'
[35m[ADB][39m Found 1 'build-tools' folders under 'C:\Users\Zahratul Rahmi\.katalon\tools\android_sdk' (newest first):
[35m[ADB][39m     C:/Users/Zahratul Rahmi/.katalon/tools/android_sdk/build-tools/29.0.3
[35m[ADB][39m Using 'adb.exe' from 'C:\Users\Zahratul Rahmi\.katalon\tools\android_sdk\platform-tools\adb.exe'
[35m[AndroidDriver][39m Retrieving device list
[35m[AndroidDriver][39m Using device: RR8N2054E6Y
[35m[ADB][39m Using 'adb.exe' from 'C:\Users\Zahratul Rahmi\.katalon\tools\android_sdk\platform-tools\adb.exe'
[35m[ADB][39m Getting device platform version
[35m[UiAutomator2][39m Relaxing hidden api policy
[35m[ADB][39m Package name: 'com.google.android.calculator'
[35m[ADB][39m Main activity name: 'com.android.calculator2.Calculator'
[35m[ADB][39m Using 'apksigner.jar' from 'C:\Users\Zahratul Rahmi\.katalon\tools\android_sdk\build-tools\29.0.3\lib\apksigner.jar'
[35m[UiAutomator2][39m Server packages are not going to be (re)installed
[35m[UiAutomator2][39m Starting UIAutomator2 server 4.12.2
[35m[UiAutomator2][39m Using UIAutomator2 server from 'C:\Users\Zahratul Rahmi\AppData\Roaming\npm\node_modules\appium\node_modules\appium-uiautomator2-server\apks\appium-uiautomator2-server-v4.12.2.apk' and test from 'C:\Users\Zahratul Rahmi\AppData\Roaming\npm\node_modules\appium\node_modules\appium-uiautomator2-server\apks\appium-uiautomator2-server-debug-androidTest.apk'
[35m[UiAutomator2][39m Waiting up to 30000ms for UiAutomator2 to be online...
[35m[WD Proxy][39m socket hang up
[35m[WD Proxy][39m socket hang up
[35m[WD Proxy][39m socket hang up
[35m[WD Proxy][39m Determined the downstream protocol as 'W3C'
[35m[AndroidDriver][39m Screen already unlocked, doing nothing
[35m[UiAutomator2][39m Starting 'com.google.android.calculator/com.android.calculator2.Calculator and waiting for 'com.google.android.calculator/com.android.calculator2.Calculator'
[35m[Appium][39m New AndroidUiautomator2Driver session created successfully, session 2da2ef1f-0acc-42fa-a82a-d87691383f98 added to master session list
[35m[HTTP][39m [37m<-- POST /wd/hub/session [39m[32m200[39m [90m10361 ms - 1269[39m
[35m[HTTP][39m [90m[39m
[35m[HTTP][39m [37m-->[39m [37mGET[39m [37m/wd/hub/session/2da2ef1f-0acc-42fa-a82a-d87691383f98[39m
[35m[HTTP][39m [90m{}[39m
[35m[HTTP][39m [37m<-- GET /wd/hub/session/2da2ef1f-0acc-42fa-a82a-d87691383f98 [39m[32m200[39m [90m14 ms - 1223[39m
[35m[HTTP][39m [90m[39m
[35m[HTTP][39m [37m-->[39m [37mGET[39m [37m/wd/hub/session/2da2ef1f-0acc-42fa-a82a-d87691383f98[39m
[35m[HTTP][39m [90m{}[39m
[35m[HTTP][39m [37m<-- GET /wd/hub/session/2da2ef1f-0acc-42fa-a82a-d87691383f98 [39m[32m200[39m [90m10 ms - 1223[39m
[35m[HTTP][39m [90m[39m
[35m[HTTP][39m [37m-->[39m [37mGET[39m [37m/wd/hub/status[39m
[35m[HTTP][39m [90m{}[39m
[35m[HTTP][39m [37m<-- GET /wd/hub/status [39m[32m200[39m [90m1 ms - 68[39m
[35m[HTTP][39m [90m[39m
[35m[HTTP][39m [37m-->[39m [37mPOST[39m [37m/wd/hub/session/2da2ef1f-0acc-42fa-a82a-d87691383f98/timeouts[39m
[35m[HTTP][39m [90m{"implicit":60000}[39m
[35m[HTTP][39m [37m<-- POST /wd/hub/session/2da2ef1f-0acc-42fa-a82a-d87691383f98/timeouts [39m[32m200[39m [90m3 ms - 14[39m
[35m[HTTP][39m [90m[39m
[35m[HTTP][39m [37m-->[39m [37mGET[39m [37m/wd/hub/session/2da2ef1f-0acc-42fa-a82a-d87691383f98/source[39m
[35m[HTTP][39m [90m{}[39m
[35m[W3C (2da2ef1f)][39m Driver proxy active, passing request on via HTTP proxy
[35m[WD Proxy][39m Replacing sessionId dd2d88bf-33c3-4c4f-8b9b-5085526d33b5 with 2da2ef1f-0acc-42fa-a82a-d87691383f98
[35m[HTTP][39m [37m<-- GET /wd/hub/session/2da2ef1f-0acc-42fa-a82a-d87691383f98/source [39m[32m200[39m [90m529 ms - 26728[39m
[35m[HTTP][39m [90m[39m
[35m[HTTP][39m [37m-->[39m [37mGET[39m [37m/wd/hub/session/2da2ef1f-0acc-42fa-a82a-d87691383f98/screenshot[39m
[35m[HTTP][39m [90m{}[39m
[35m[HTTP][39m [37m<-- GET /wd/hub/session/2da2ef1f-0acc-42fa-a82a-d87691383f98/screenshot [39m[32m200[39m [90m751 ms - 113220[39m
[35m[HTTP][39m [90m[39m
[35m[HTTP][39m [37m-->[39m [37mPOST[39m [37m/wd/hub/session/2da2ef1f-0acc-42fa-a82a-d87691383f98/elements[39m
[35m[HTTP][39m [90m{"using":"accessibility id","value":"No result"}[39m
[35m[HTTP][39m [37m<-- POST /wd/hub/session/2da2ef1f-0acc-42fa-a82a-d87691383f98/elements [39m[32m200[39m [90m161 ms - 139[39m
[35m[HTTP][39m [90m[39m
[35m[BaseDriver][39m Shutting down because we waited 1800 seconds for a command
[35m[Appium][39m Closing session, cause was 'New Command Timeout of 1800 seconds expired. Try customizing the timeout using the 'newCommandTimeout' desired capability'
[35m[Appium][39m Removing session '2da2ef1f-0acc-42fa-a82a-d87691383f98' from our master session list
[35m[UiAutomator2][39m Restoring hidden api policy to the device default configuration
[35m[HTTP][39m [37m-->[39m [37mDELETE[39m [37m/wd/hub/session/2da2ef1f-0acc-42fa-a82a-d87691383f98[39m
[35m[HTTP][39m [90m{}[39m
[35m[HTTP][39m [37m<-- DELETE /wd/hub/session/2da2ef1f-0acc-42fa-a82a-d87691383f98 [39m[33m404[39m [90m50 ms - 2540[39m
[35m[HTTP][39m [90m[39m
